<?xml version="1.0" encoding="UTF-8"?>
<testsuite xmlns:xsi="http://www.w3.org/2001/XMLSchema-instance" xsi:noNamespaceSchemaLocation="https://maven.apache.org/surefire/maven-surefire-plugin/xsd/surefire-test-report.xsd" name="Test" time="0.376" tests="1" errors="1" skipped="0" failures="0">
  <properties>
[...]
</properties>
  <testcase name="test" classname="Test" time="0.358">
    <error message="No bean named &apos;UserFactoryBean&apos; is defined" type="org.springframework.beans.factory.NoSuchBeanDefinitionException">org.springframework.beans.factory.NoSuchBeanDefinitionException: No bean named 'UserFactoryBean' is defined
	at Test.test(Test.java:10)
</error>
    <system-err><![CDATA[十一月 16, 2020 10:46:54 上午 org.springframework.context.annotation.AnnotationConfigApplicationContext prepareRefresh
信息: Refreshing org.springframework.context.annotation.AnnotationConfigApplicationContext@483bf400: startup date [Mon Nov 16 10:46:54 CST 2020]; root of context hierarchy
]]></system-err>
  </testcase>
</testsuite>