-------------------------------------------------------------------------------
Test set: TestDemo
-------------------------------------------------------------------------------
Tests run: 1, Failures: 0, Errors: 1, Skipped: 0, Time elapsed: 0.018 s <<< FAILURE! - in TestDemo
initializationError(TestDemo)  Time elapsed: 0.003 s  <<< ERROR!
java.lang.Exception: Method test1 should have no parameters

