<?xml version="1.0" encoding="UTF-8"?>
<testsuite xmlns:xsi="http://www.w3.org/2001/XMLSchema-instance" xsi:noNamespaceSchemaLocation="https://maven.apache.org/surefire/maven-surefire-plugin/xsd/surefire-test-report.xsd" name="TestDemo" time="0.018" tests="1" errors="1" skipped="0" failures="0">
  <properties>
[...]
</properties>
  <testcase name="initializationError" classname="TestDemo" time="0.003">
    <error message="Method test1 should have no parameters" type="java.lang.Exception">java.lang.Exception: Method test1 should have no parameters
</error>
  </testcase>
</testsuite>